#
# There is insufficient memory for the Java Runtime Environment to continue.
# Native memory allocation (mmap) failed to map 132120576 bytes. Error detail: G1 virtual space
# Possible reasons:
#   The system is out of physical RAM or swap space
#   This process is running with CompressedOops enabled, and the Java Heap may be blocking the growth of the native heap
# Possible solutions:
#   Reduce memory load on the system
#   Increase physical memory or swap space
#   Check if swap backing store is full
#   Decrease Java heap size (-Xmx/-Xms)
#   Decrease number of Java threads
#   Decrease Java thread stack sizes (-Xss)
#   Set larger code cache with -XX:ReservedCodeCacheSize=
#   JVM is running with Unscaled Compressed Oops mode in which the Java heap is
#     placed in the first 4GB address space. The Java Heap base address is the
#     maximum limit for the native heap growth. Please use -XX:HeapBaseMinAddress
#     to set the Java Heap base and to place the Java Heap above 4GB virtual address.
# This output file may be truncated or incomplete.
#
#  Out of Memory Error (os_windows.cpp:3564), pid=21972, tid=20960
#
# JRE version:  (24.0.1+9) (build )
# Java VM: Java HotSpot(TM) 64-Bit Server VM (24.0.1+9-30, mixed mode, sharing, tiered, compressed oops, compressed class ptrs, g1 gc, windows-amd64)
# No core dump will be written. Minidumps are not enabled by default on client versions of Windows
#

---------------  S U M M A R Y ------------

Command Line: -Dmaven.multiModuleProjectDirectory=C:\Users\Prashant\Downloads\SeleniumCucumberWebDriverManager -Djansi.passthrough=true -Dmaven.home=C:/Program Files/JetBrains/IntelliJ IDEA Community Edition 2025.1.2/plugins/maven/lib/maven3 -Dclassworlds.conf=C:\Program Files\JetBrains\IntelliJ IDEA Community Edition 2025.1.2\plugins\maven\lib\maven3\bin\m2.conf -Dmaven.ext.class.path=C:\Program Files\JetBrains\IntelliJ IDEA Community Edition 2025.1.2\plugins\maven\lib\maven-event-listener.jar -javaagent:C:\Program Files\JetBrains\IntelliJ IDEA Community Edition 2025.1.2\lib\idea_rt.jar=50712 -Dfile.encoding=UTF-8 -Dsun.stdout.encoding=UTF-8 -Dsun.stderr.encoding=UTF-8 org.codehaus.classworlds.Launcher -Didea.version=2025.1.2 test

Host: Intel(R) Core(TM) i5-6300U CPU @ 2.40GHz, 4 cores, 7G,  Windows 10 , 64 bit Build 19041 (10.0.19041.5915)
Time: Fri Aug  8 16:50:11 2025 India Standard Time elapsed time: 0.042605 seconds (0d 0h 0m 0s)

---------------  T H R E A D  ---------------

Current thread (0x0000022725b560f0):  JavaThread "Unknown thread" [_thread_in_vm, id=20960, stack(0x000000e616500000,0x000000e616600000) (1024K)]

Stack: [0x000000e616500000,0x000000e616600000]
Native frames: (J=compiled Java code, j=interpreted, Vv=VM code, C=native code)
V  [jvm.dll+0x730739]  (no source info available)
V  [jvm.dll+0x8d9b23]  (no source info available)
V  [jvm.dll+0x8dc00d]  (no source info available)
V  [jvm.dll+0x8dc683]  (no source info available)
V  [jvm.dll+0x2aa086]  (no source info available)
V  [jvm.dll+0x72cc65]  (no source info available)
V  [jvm.dll+0x72059a]  (no source info available)
V  [jvm.dll+0x390cea]  (no source info available)
V  [jvm.dll+0x3989f6]  (no source info available)
V  [jvm.dll+0x38523e]  (no source info available)
V  [jvm.dll+0x3854f8]  (no source info available)
V  [jvm.dll+0x35d0cc]  (no source info available)
V  [jvm.dll+0x35dd8d]  (no source info available)
V  [jvm.dll+0x89d28f]  (no source info available)
V  [jvm.dll+0x3f985d]  (no source info available)
V  [jvm.dll+0x8858e6]  (no source info available)
V  [jvm.dll+0x495f3e]  (no source info available)
V  [jvm.dll+0x497d11]  (no source info available)
C  [jli.dll+0x52a1]  (no source info available)
C  [ucrtbase.dll+0x21bb2]  (no source info available)
C  [KERNEL32.DLL+0x17374]  (no source info available)
C  [ntdll.dll+0x4cc91]  (no source info available)

Lock stack of current Java thread (top to bottom):


---------------  P R O C E S S  ---------------

Threads class SMR info:
_java_thread_list=0x00007ff91482f318, length=0, elements={
}

Java Threads: ( => current thread )
Total: 0

Other Threads:
  0x0000022725baf4f0 WorkerThread "GC Thread#0"                     [id=11724, stack(0x000000e616600000,0x000000e616700000) (1024K)]
  0x00000227238dde90 ConcurrentGCThread "G1 Main Marker"            [id=15028, stack(0x000000e616700000,0x000000e616800000) (1024K)]
  0x0000022725bc02e0 WorkerThread "G1 Conc#0"                       [id=16532, stack(0x000000e616800000,0x000000e616900000) (1024K)]

[error occurred during error reporting (printing all threads), id 0xc0000005, EXCEPTION_ACCESS_VIOLATION (0xc0000005) at pc=0x00007ff913f614ea]
VM state: not at safepoint (not fully initialized)

VM Mutex/Monitor currently owned by a thread:  ([mutex/lock_event])
[0x00007ff9148b45b0] Heap_lock - owner thread: 0x0000022725b560f0

Heap address: 0x0000000082200000, size: 2014 MB, Compressed Oops mode: 32-bit

CDS archive(s) mapped at: [0x0000000000000000-0x0000000000000000-0x0000000000000000), size 0, SharedBaseAddress: 0x0000000800000000, ArchiveRelocationMode: 1.
UseCompressedClassPointers 1, UseCompactObjectHeaders 0
Narrow klass pointer bits 32, Max shift 3
Narrow klass base: 0xffffffffffffffff, Narrow klass shift: -1
Encoding Range: [0xffffffffffffffff - 0x000000007fffffff), (2147483648 bytes)
Klass Range:    [0x0000000000000000 - 0x0000000000000000), (0 bytes)
Klass ID Range:  [4294967295 - 0) (1)

GC Precious Log:
 CardTable entry size: 512
 Card Set container configuration: InlinePtr #cards 5 size 8 Array Of Cards #cards 10 size 36 Howl #buckets 4 coarsen threshold 1843 Howl Bitmap #cards 512 size 80 coarsen threshold 460 Card regions per heap region 1 cards per card region 2048

Heap:
 garbage-first heap   total reserved 2062336K, committed 0K, used 0K [0x0000000082200000, 0x0000000100000000)
  region size 1024K, 0 young (0K), 0 survivors (0K)

[error occurred during error reporting (printing heap information), id 0xc0000005, EXCEPTION_ACCESS_VIOLATION (0xc0000005) at pc=0x00007ff91437e3e9]
GC Heap History (0 events):
No events

Dll operation events (1 events):
Event: 0.038 Loaded shared library C:\Program Files\Java\jdk-24\bin\java.dll

Deoptimization events (0 events):
No events

Classes loaded (0 events):
No events

Classes unloaded (0 events):
No events

Classes redefined (0 events):
No events

Internal exceptions (0 events):
No events

VM Operations (0 events):
No events

Memory protections (0 events):
No events

Nmethod flushes (0 events):
No events

Events (0 events):
No events


Dynamic libraries:
0x00007ff6eb6e0000 - 0x00007ff6eb6f0000 	C:\Program Files\Java\jdk-24\bin\java.exe
0x00007ff997650000 - 0x00007ff997848000 	C:\Windows\SYSTEM32\ntdll.dll
0x00007ff995800000 - 0x00007ff9958c2000 	C:\Windows\System32\KERNEL32.DLL
0x00007ff995040000 - 0x00007ff995336000 	C:\Windows\System32\KERNELBASE.dll
0x00007ff994d90000 - 0x00007ff994e90000 	C:\Windows\System32\ucrtbase.dll
0x00007ff9729c0000 - 0x00007ff9729d6000 	C:\Program Files\Java\jdk-24\bin\jli.dll
0x00007ff995b20000 - 0x00007ff995cbd000 	C:\Windows\System32\USER32.dll
0x00007ff995540000 - 0x00007ff995562000 	C:\Windows\System32\win32u.dll
0x00007ff996db0000 - 0x00007ff996ddb000 	C:\Windows\System32\GDI32.dll
0x00007ff994f20000 - 0x00007ff995039000 	C:\Windows\System32\gdi32full.dll
0x00007ff995340000 - 0x00007ff9953dd000 	C:\Windows\System32\msvcp_win.dll
0x00007ff981270000 - 0x00007ff98150a000 	C:\Windows\WinSxS\amd64_microsoft.windows.common-controls_6595b64144ccf1df_6.0.19041.5915_none_60b4b9d171f9c7c7\COMCTL32.dll
0x00007ff997210000 - 0x00007ff9972ae000 	C:\Windows\System32\msvcrt.dll
0x00007ff970990000 - 0x00007ff9709ab000 	C:\Program Files\Java\jdk-24\bin\VCRUNTIME140.dll
0x00007ff997110000 - 0x00007ff99713f000 	C:\Windows\System32\IMM32.DLL
0x00007ff971d40000 - 0x00007ff971d4c000 	C:\Program Files\Java\jdk-24\bin\vcruntime140_1.dll
0x00007ff96cc20000 - 0x00007ff96ccae000 	C:\Program Files\Java\jdk-24\bin\msvcp140.dll
0x00007ff913bf0000 - 0x00007ff914992000 	C:\Program Files\Java\jdk-24\bin\server\jvm.dll
0x00007ff995670000 - 0x00007ff995721000 	C:\Windows\System32\ADVAPI32.dll
0x00007ff9958f0000 - 0x00007ff99598f000 	C:\Windows\System32\sechost.dll
0x00007ff996f80000 - 0x00007ff9970a3000 	C:\Windows\System32\RPCRT4.dll
0x00007ff994ce0000 - 0x00007ff994d07000 	C:\Windows\System32\bcrypt.dll
0x00007ff996ce0000 - 0x00007ff996d4b000 	C:\Windows\System32\WS2_32.dll
0x00007ff994270000 - 0x00007ff9942bb000 	C:\Windows\SYSTEM32\POWRPROF.dll
0x00007ff98c610000 - 0x00007ff98c61a000 	C:\Windows\SYSTEM32\VERSION.dll
0x00007ff97f350000 - 0x00007ff97f377000 	C:\Windows\SYSTEM32\WINMM.dll
0x00007ff9940e0000 - 0x00007ff9940f2000 	C:\Windows\SYSTEM32\UMPDC.dll
0x00007ff993500000 - 0x00007ff993512000 	C:\Windows\SYSTEM32\kernel.appcore.dll
0x00007ff970d00000 - 0x00007ff970d0a000 	C:\Program Files\Java\jdk-24\bin\jimage.dll
0x00007ff992a20000 - 0x00007ff992c21000 	C:\Windows\SYSTEM32\DBGHELP.DLL
0x00007ff971be0000 - 0x00007ff971c14000 	C:\Windows\SYSTEM32\dbgcore.DLL
0x00007ff994e90000 - 0x00007ff994f12000 	C:\Windows\System32\bcryptPrimitives.dll
0x00007ff970670000 - 0x00007ff97067f000 	C:\Program Files\Java\jdk-24\bin\instrument.dll
0x00007ff96cc00000 - 0x00007ff96cc1e000 	C:\Program Files\Java\jdk-24\bin\java.dll
0x00007ff996130000 - 0x00007ff99625b000 	C:\Windows\System32\ole32.dll
0x00007ff9972b0000 - 0x00007ff997603000 	C:\Windows\System32\combase.dll
0x00007ff996570000 - 0x00007ff996cde000 	C:\Windows\System32\SHELL32.dll

JVMTI agents:
C:\Program Files\JetBrains\IntelliJ IDEA Community Edition 2025.1.2\lib\idea_rt.jar path:none, loaded, not initialized, instrumentlib options:50712

dbghelp: loaded successfully - version: 4.0.5 - missing functions: none
symbol engine: initialized successfully - sym options: 0x614 - pdb path: .;C:\Program Files\Java\jdk-24\bin;C:\Windows\SYSTEM32;C:\Windows\WinSxS\amd64_microsoft.windows.common-controls_6595b64144ccf1df_6.0.19041.5915_none_60b4b9d171f9c7c7;C:\Program Files\Java\jdk-24\bin\server

VM Arguments:
jvm_args: -Dmaven.multiModuleProjectDirectory=C:\Users\Prashant\Downloads\SeleniumCucumberWebDriverManager -Djansi.passthrough=true -Dmaven.home=C:/Program Files/JetBrains/IntelliJ IDEA Community Edition 2025.1.2/plugins/maven/lib/maven3 -Dclassworlds.conf=C:\Program Files\JetBrains\IntelliJ IDEA Community Edition 2025.1.2\plugins\maven\lib\maven3\bin\m2.conf -Dmaven.ext.class.path=C:\Program Files\JetBrains\IntelliJ IDEA Community Edition 2025.1.2\plugins\maven\lib\maven-event-listener.jar -javaagent:C:\Program Files\JetBrains\IntelliJ IDEA Community Edition 2025.1.2\lib\idea_rt.jar=50712 -Dfile.encoding=UTF-8 -Dsun.stdout.encoding=UTF-8 -Dsun.stderr.encoding=UTF-8 
java_command: org.codehaus.classworlds.Launcher -Didea.version=2025.1.2 test
java_class_path (initial): C:\Program Files\JetBrains\IntelliJ IDEA Community Edition 2025.1.2\plugins\maven\lib\maven3\boot\plexus-classworlds-2.8.0.jar;C:\Program Files\JetBrains\IntelliJ IDEA Community Edition 2025.1.2\plugins\maven\lib\maven3\boot\plexus-classworlds.license
Launcher Type: SUN_STANDARD

[Global flags]
     intx CICompilerCount                          = 3                                         {product} {ergonomic}
     uint ConcGCThreads                            = 1                                         {product} {ergonomic}
     uint G1ConcRefinementThreads                  = 4                                         {product} {ergonomic}
   size_t G1HeapRegionSize                         = 1048576                                   {product} {ergonomic}
   size_t InitialHeapSize                          = 132120576                                 {product} {ergonomic}
   size_t MarkStackSize                            = 4194304                                   {product} {ergonomic}
   size_t MarkStackSizeMax                         = 536870912                                 {product} {ergonomic}
   size_t MaxHeapSize                              = 2111832064                                {product} {ergonomic}
   size_t MinHeapDeltaBytes                        = 1048576                                   {product} {ergonomic}
   size_t MinHeapSize                              = 8388608                                   {product} {ergonomic}
    uintx NonNMethodCodeHeapSize                   = 5832704                                {pd product} {ergonomic}
    uintx NonProfiledCodeHeapSize                  = 122945536                              {pd product} {ergonomic}
    uintx ProfiledCodeHeapSize                     = 122880000                              {pd product} {ergonomic}
    uintx ReservedCodeCacheSize                    = 251658240                              {pd product} {ergonomic}
     bool SegmentedCodeCache                       = true                                      {product} {ergonomic}
   size_t SoftMaxHeapSize                          = 2111832064                             {manageable} {ergonomic}
     bool UseCompressedOops                        = true                           {product lp64_product} {ergonomic}
     bool UseG1GC                                  = true                                      {product} {ergonomic}
     bool UseLargePagesIndividualAllocation        = false                                  {pd product} {ergonomic}

Logging:
Log output configuration:
 #0: stdout all=warning uptime,level,tags foldmultilines=false
 #1: stderr all=off uptime,level,tags foldmultilines=false

Environment Variables:
JAVA_HOME=C:\Users\Prashant
PATH=C:\Program Files\Java\jdk-17\bin;C:\Program Files\Common Files\Oracle\Java\javapath;C:\Windows\system32;C:\Windows;C:\Windows\System32\Wbem;C:\Windows\System32\WindowsPowerShell\v1.0\;C:\Windows\System32\OpenSSH\;C:\Program Files\Git\cmd;C:\Program Files\Java\jdk-17\bin;C:\Program Files\Common Files\Oracle\Java\javapath;C:\Windows\system32;C:\Windows;C:\Windows\System32\Wbem;C:\Windows\System32\WindowsPowerShell\v1.0\;C:\Windows\System32\OpenSSH\;C:\Program Files\Git\cmd;C:\Program Files\Java\jdk-17\bin;C:\Users\Prashant\AppData\Local\Microsoft\WindowsApps;;C:\Program Files\JetBrains\IntelliJ IDEA Community Edition 2025.1.2\bin;
USERNAME=Prashant
OS=Windows_NT
PROCESSOR_IDENTIFIER=Intel64 Family 6 Model 78 Stepping 3, GenuineIntel
TMP=C:\Users\Prashant\AppData\Local\Temp
TEMP=C:\Users\Prashant\AppData\Local\Temp




Periodic native trim disabled

---------------  S Y S T E M  ---------------

OS:
 Windows 10 , 64 bit Build 19041 (10.0.19041.5915)
OS uptime: 0 days 22:50 hours

CPU: total 4 (initial active 4) (2 cores per cpu, 2 threads per core) family 6 model 78 stepping 3 microcode 0xec, cx8, cmov, fxsr, ht, mmx, 3dnowpref, sse, sse2, sse3, ssse3, sse4.1, sse4.2, popcnt, lzcnt, tsc, tscinvbit, avx, avx2, aes, erms, clmul, bmi1, bmi2, rtm, adx, fma, vzeroupper, clflush, clflushopt, rdtscp, f16c
Processor Information for the first 4 processors :
  Max Mhz: 2501, Current Mhz: 2501, Mhz Limit: 2501

Memory: 4k page, system-wide physical 8053M (351M free)
TotalPageFile size 20847M (AvailPageFile size 112M)
current process WorkingSet (physical memory assigned to process): 11M, peak: 11M
current process commit charge ("private bytes"): 52M, peak: 178M

vm_info: Java HotSpot(TM) 64-Bit Server VM (24.0.1+9-30) for windows-amd64 JRE (24.0.1+9-30), built on 2025-03-05T07:23:45Z with MS VC++ 17.6 (VS2022)

END.
