#
# There is insufficient memory for the Java Runtime Environment to continue.
# Native memory allocation (malloc) failed to allocate 876112 bytes. Error detail: Chunk::new
# Possible reasons:
#   The system is out of physical RAM or swap space
#   This process is running with CompressedOops enabled, and the Java Heap may be blocking the growth of the native heap
# Possible solutions:
#   Reduce memory load on the system
#   Increase physical memory or swap space
#   Check if swap backing store is full
#   Decrease Java heap size (-Xmx/-Xms)
#   Decrease number of Java threads
#   Decrease Java thread stack sizes (-Xss)
#   Set larger code cache with -XX:ReservedCodeCacheSize=
#   JVM is running with Unscaled Compressed Oops mode in which the Java heap is
#     placed in the first 4GB address space. The Java Heap base address is the
#     maximum limit for the native heap growth. Please use -XX:HeapBaseMinAddress
#     to set the Java Heap base and to place the Java Heap above 4GB virtual address.
# This output file may be truncated or incomplete.
#
#  Out of Memory Error (arena.cpp:162), pid=17908, tid=20232
#
# JRE version: Java(TM) SE Runtime Environment (24.0.1+9) (build 24.0.1+9-30)
# Java VM: Java HotSpot(TM) 64-Bit Server VM (24.0.1+9-30, mixed mode, sharing, tiered, compressed oops, compressed class ptrs, g1 gc, windows-amd64)
# No core dump will be written. Minidumps are not enabled by default on client versions of Windows
#

---------------  S U M M A R Y ------------

Command Line: -Dmaven.multiModuleProjectDirectory=C:\Users\Prashant\Downloads\SeleniumCucumberWebDriverManager -Djansi.passthrough=true -Dmaven.home=C:/Program Files/JetBrains/IntelliJ IDEA Community Edition 2025.1.2/plugins/maven/lib/maven3 -Dclassworlds.conf=C:\Program Files\JetBrains\IntelliJ IDEA Community Edition 2025.1.2\plugins\maven\lib\maven3\bin\m2.conf -Dmaven.ext.class.path=C:\Program Files\JetBrains\IntelliJ IDEA Community Edition 2025.1.2\plugins\maven\lib\maven-event-listener.jar -javaagent:C:\Program Files\JetBrains\IntelliJ IDEA Community Edition 2025.1.2\lib\idea_rt.jar=50695 -Dfile.encoding=UTF-8 -Dsun.stdout.encoding=UTF-8 -Dsun.stderr.encoding=UTF-8 org.codehaus.classworlds.Launcher -Didea.version=2025.1.2 clean

Host: Intel(R) Core(TM) i5-6300U CPU @ 2.40GHz, 4 cores, 7G,  Windows 10 , 64 bit Build 19041 (10.0.19041.5915)
Time: Fri Aug  8 16:49:57 2025 India Standard Time elapsed time: 0.857396 seconds (0d 0h 0m 0s)

---------------  T H R E A D  ---------------

Current thread (0x000001e9f7281230):  JavaThread "C2 CompilerThread0" daemon [_thread_in_native, id=20232, stack(0x0000008487700000,0x0000008487800000) (1024K)]


Current CompileTask:
C2:857  407   !   4       java.util.zip.ZipFile$Source::checkAndAddEntry (347 bytes)

Stack: [0x0000008487700000,0x0000008487800000]
Native frames: (J=compiled Java code, j=interpreted, Vv=VM code, C=native code)
V  [jvm.dll+0x730739]  (no source info available)
V  [jvm.dll+0x8d9b23]  (no source info available)
V  [jvm.dll+0x8dc00d]  (no source info available)
V  [jvm.dll+0x8dc683]  (no source info available)
V  [jvm.dll+0x2aa086]  (no source info available)
V  [jvm.dll+0xcedef]  (no source info available)
V  [jvm.dll+0xcf04f]  (no source info available)
V  [jvm.dll+0x154d83]  (no source info available)
V  [jvm.dll+0x735f5f]  (no source info available)
V  [jvm.dll+0x26fa1c]  (no source info available)
V  [jvm.dll+0x26ea3f]  (no source info available)
V  [jvm.dll+0x1e9d60]  (no source info available)
V  [jvm.dll+0x27e1fb]  (no source info available)
V  [jvm.dll+0x27c49a]  (no source info available)
V  [jvm.dll+0x42f456]  (no source info available)
V  [jvm.dll+0x87d76b]  (no source info available)
V  [jvm.dll+0x72ee55]  (no source info available)
C  [ucrtbase.dll+0x21bb2]  (no source info available)
C  [KERNEL32.DLL+0x17374]  (no source info available)
C  [ntdll.dll+0x4cc91]  (no source info available)

Lock stack of current Java thread (top to bottom):


---------------  P R O C E S S  ---------------

Threads class SMR info:
_java_thread_list=0x000001e9c50ec110, length=12, elements={
0x000001e9dac96a90, 0x000001e9f72693a0, 0x000001e9f726bff0, 0x000001e9f726eb30,
0x000001e9f7270670, 0x000001e9f7271940, 0x000001e9f7272470, 0x000001e9f7281230,
0x000001e9f7283dc0, 0x000001e9c5120bd0, 0x000001e9c5161c50, 0x000001e9c5162390
}

Java Threads: ( => current thread )
  0x000001e9dac96a90 JavaThread "main"                              [_thread_in_vm, id=8040, stack(0x0000008486900000,0x0000008486a00000) (1024K)]
  0x000001e9f72693a0 JavaThread "Reference Handler"          daemon [_thread_blocked, id=9804, stack(0x0000008487100000,0x0000008487200000) (1024K)]
  0x000001e9f726bff0 JavaThread "Finalizer"                  daemon [_thread_blocked, id=20052, stack(0x0000008487200000,0x0000008487300000) (1024K)]
  0x000001e9f726eb30 JavaThread "Signal Dispatcher"          daemon [_thread_blocked, id=8276, stack(0x0000008487300000,0x0000008487400000) (1024K)]
  0x000001e9f7270670 JavaThread "Attach Listener"            daemon [_thread_blocked, id=6472, stack(0x0000008487400000,0x0000008487500000) (1024K)]
  0x000001e9f7271940 JavaThread "Service Thread"             daemon [_thread_blocked, id=11436, stack(0x0000008487500000,0x0000008487600000) (1024K)]
  0x000001e9f7272470 JavaThread "Monitor Deflation Thread"   daemon [_thread_blocked, id=8532, stack(0x0000008487600000,0x0000008487700000) (1024K)]
=>0x000001e9f7281230 JavaThread "C2 CompilerThread0"         daemon [_thread_in_native, id=20232, stack(0x0000008487700000,0x0000008487800000) (1024K)]
  0x000001e9f7283dc0 JavaThread "C1 CompilerThread0"         daemon [_thread_in_vm, id=4656, stack(0x0000008487800000,0x0000008487900000) (1024K)]
  0x000001e9c5120bd0 JavaThread "Common-Cleaner"             daemon [_thread_blocked, id=5052, stack(0x0000008487900000,0x0000008487a00000) (1024K)]
  0x000001e9c5161c50 JavaThread "Monitor Ctrl-Break"         daemon [_thread_in_native, id=14060, stack(0x0000008487a00000,0x0000008487b00000) (1024K)]
  0x000001e9c5162390 JavaThread "Notification Thread"        daemon [_thread_blocked, id=16012, stack(0x0000008487b00000,0x0000008487c00000) (1024K)]
Total: 12

Other Threads:
  0x000001e9f7255330 VMThread "VM Thread"                           [id=5960, stack(0x0000008487000000,0x0000008487100000) (1024K)]
  0x000001e9f7249b70 WatcherThread "VM Periodic Task Thread"        [id=21312, stack(0x0000008486f00000,0x0000008487000000) (1024K)]
  0x000001e9dacee370 WorkerThread "GC Thread#0"                     [id=3868, stack(0x0000008486a00000,0x0000008486b00000) (1024K)]
  0x000001e9d8a6de90 ConcurrentGCThread "G1 Main Marker"            [id=592, stack(0x0000008486b00000,0x0000008486c00000) (1024K)]
  0x000001e9d8a6e8b0 WorkerThread "G1 Conc#0"                       [id=2600, stack(0x0000008486c00000,0x0000008486d00000) (1024K)]
  0x000001e9f710d510 ConcurrentGCThread "G1 Refine#0"               [id=244, stack(0x0000008486d00000,0x0000008486e00000) (1024K)]
  0x000001e9dad5e060 ConcurrentGCThread "G1 Service"                [id=8128, stack(0x0000008486e00000,0x0000008486f00000) (1024K)]
Total: 7

Threads with active compile tasks:
C2 CompilerThread0  969  407   !   4       java.util.zip.ZipFile$Source::checkAndAddEntry (347 bytes)
Total: 1

VM state: not at safepoint (normal execution)

VM Mutex/Monitor currently owned by a thread:  ([mutex/lock_event])
[0x00007ff9148b2fb0] CompiledIC_lock - owner thread: 0x0000000000000000

Heap address: 0x0000000082200000, size: 2014 MB, Compressed Oops mode: 32-bit

CDS archive(s) mapped at: [0x000001e980000000-0x000001e980d40000-0x000001e980d40000), size 13893632, SharedBaseAddress: 0x000001e980000000, ArchiveRelocationMode: 1.
Compressed class space mapped at: 0x000001e981000000-0x000001e9c1000000, reserved size: 1073741824
UseCompressedClassPointers 1, UseCompactObjectHeaders 0
Narrow klass pointer bits 32, Max shift 3
Narrow klass base: 0x000001e980000000, Narrow klass shift: 0
Encoding Range: [0x000001e980000000 - 0x000001ea80000000), (4294967296 bytes)
Klass Range:    [0x000001e980000000 - 0x000001e9c1000000), (1090519040 bytes)
Klass ID Range:  [8 - 1090519033) (1090519025)

GC Precious Log:
 CardTable entry size: 512
 Card Set container configuration: InlinePtr #cards 5 size 8 Array Of Cards #cards 10 size 36 Howl #buckets 4 coarsen threshold 1843 Howl Bitmap #cards 512 size 80 coarsen threshold 460 Card regions per heap region 1 cards per card region 2048
 CPUs: 4 total, 4 available
 Memory: 8053M
 Large Page Support: Disabled
 NUMA Support: Disabled
 Compressed Oops: Enabled (32-bit)
 Heap Region Size: 1M
 Heap Min Capacity: 8M
 Heap Initial Capacity: 126M
 Heap Max Capacity: 2014M
 Pre-touch: Disabled
 Parallel Workers: 4
 Concurrent Workers: 1
 Concurrent Refinement Workers: 4
 Periodic GC: Disabled

Heap:
 garbage-first heap   total reserved 2062336K, committed 131072K, used 7284K [0x0000000082200000, 0x0000000100000000)
  region size 1024K, 7 young (7168K), 0 survivors (0K)
 Metaspace       used 1422K, committed 1600K, reserved 1114112K
  class space    used 92K, committed 128K, reserved 1048576K

Heap Regions: E=young(eden), S=young(survivor), O=old, HS=humongous(starts), HC=humongous(continues), CS=collection set, F=free, TAMS=top-at-mark-start, PB=parsable bottom
|   0|0x0000000082200000, 0x0000000082200000, 0x0000000082300000|  0%| F|  |TAMS 0x0000000082200000| PB 0x0000000082200000| Untracked |  0
|   1|0x0000000082300000, 0x0000000082300000, 0x0000000082400000|  0%| F|  |TAMS 0x0000000082300000| PB 0x0000000082300000| Untracked |  0
|   2|0x0000000082400000, 0x0000000082400000, 0x0000000082500000|  0%| F|  |TAMS 0x0000000082400000| PB 0x0000000082400000| Untracked |  0
|   3|0x0000000082500000, 0x0000000082500000, 0x0000000082600000|  0%| F|  |TAMS 0x0000000082500000| PB 0x0000000082500000| Untracked |  0
|   4|0x0000000082600000, 0x0000000082600000, 0x0000000082700000|  0%| F|  |TAMS 0x0000000082600000| PB 0x0000000082600000| Untracked |  0
|   5|0x0000000082700000, 0x0000000082700000, 0x0000000082800000|  0%| F|  |TAMS 0x0000000082700000| PB 0x0000000082700000| Untracked |  0
|   6|0x0000000082800000, 0x0000000082800000, 0x0000000082900000|  0%| F|  |TAMS 0x0000000082800000| PB 0x0000000082800000| Untracked |  0
|   7|0x0000000082900000, 0x0000000082900000, 0x0000000082a00000|  0%| F|  |TAMS 0x0000000082900000| PB 0x0000000082900000| Untracked |  0
|   8|0x0000000082a00000, 0x0000000082a00000, 0x0000000082b00000|  0%| F|  |TAMS 0x0000000082a00000| PB 0x0000000082a00000| Untracked |  0
|   9|0x0000000082b00000, 0x0000000082b00000, 0x0000000082c00000|  0%| F|  |TAMS 0x0000000082b00000| PB 0x0000000082b00000| Untracked |  0
|  10|0x0000000082c00000, 0x0000000082c00000, 0x0000000082d00000|  0%| F|  |TAMS 0x0000000082c00000| PB 0x0000000082c00000| Untracked |  0
|  11|0x0000000082d00000, 0x0000000082d00000, 0x0000000082e00000|  0%| F|  |TAMS 0x0000000082d00000| PB 0x0000000082d00000| Untracked |  0
|  12|0x0000000082e00000, 0x0000000082e00000, 0x0000000082f00000|  0%| F|  |TAMS 0x0000000082e00000| PB 0x0000000082e00000| Untracked |  0
|  13|0x0000000082f00000, 0x0000000082f00000, 0x0000000083000000|  0%| F|  |TAMS 0x0000000082f00000| PB 0x0000000082f00000| Untracked |  0
|  14|0x0000000083000000, 0x0000000083000000, 0x0000000083100000|  0%| F|  |TAMS 0x0000000083000000| PB 0x0000000083000000| Untracked |  0
|  15|0x0000000083100000, 0x0000000083100000, 0x0000000083200000|  0%| F|  |TAMS 0x0000000083100000| PB 0x0000000083100000| Untracked |  0
|  16|0x0000000083200000, 0x0000000083200000, 0x0000000083300000|  0%| F|  |TAMS 0x0000000083200000| PB 0x0000000083200000| Untracked |  0
|  17|0x0000000083300000, 0x0000000083300000, 0x0000000083400000|  0%| F|  |TAMS 0x0000000083300000| PB 0x0000000083300000| Untracked |  0
|  18|0x0000000083400000, 0x0000000083400000, 0x0000000083500000|  0%| F|  |TAMS 0x0000000083400000| PB 0x0000000083400000| Untracked |  0
|  19|0x0000000083500000, 0x0000000083500000, 0x0000000083600000|  0%| F|  |TAMS 0x0000000083500000| PB 0x0000000083500000| Untracked |  0
|  20|0x0000000083600000, 0x0000000083600000, 0x0000000083700000|  0%| F|  |TAMS 0x0000000083600000| PB 0x0000000083600000| Untracked |  0
|  21|0x0000000083700000, 0x0000000083700000, 0x0000000083800000|  0%| F|  |TAMS 0x0000000083700000| PB 0x0000000083700000| Untracked |  0
|  22|0x0000000083800000, 0x0000000083800000, 0x0000000083900000|  0%| F|  |TAMS 0x0000000083800000| PB 0x0000000083800000| Untracked |  0
|  23|0x0000000083900000, 0x0000000083900000, 0x0000000083a00000|  0%| F|  |TAMS 0x0000000083900000| PB 0x0000000083900000| Untracked |  0
|  24|0x0000000083a00000, 0x0000000083a00000, 0x0000000083b00000|  0%| F|  |TAMS 0x0000000083a00000| PB 0x0000000083a00000| Untracked |  0
|  25|0x0000000083b00000, 0x0000000083b00000, 0x0000000083c00000|  0%| F|  |TAMS 0x0000000083b00000| PB 0x0000000083b00000| Untracked |  0
|  26|0x0000000083c00000, 0x0000000083c00000, 0x0000000083d00000|  0%| F|  |TAMS 0x0000000083c00000| PB 0x0000000083c00000| Untracked |  0
|  27|0x0000000083d00000, 0x0000000083d00000, 0x0000000083e00000|  0%| F|  |TAMS 0x0000000083d00000| PB 0x0000000083d00000| Untracked |  0
|  28|0x0000000083e00000, 0x0000000083e00000, 0x0000000083f00000|  0%| F|  |TAMS 0x0000000083e00000| PB 0x0000000083e00000| Untracked |  0
|  29|0x0000000083f00000, 0x0000000083f00000, 0x0000000084000000|  0%| F|  |TAMS 0x0000000083f00000| PB 0x0000000083f00000| Untracked |  0
|  30|0x0000000084000000, 0x0000000084000000, 0x0000000084100000|  0%| F|  |TAMS 0x0000000084000000| PB 0x0000000084000000| Untracked |  0
|  31|0x0000000084100000, 0x0000000084100000, 0x0000000084200000|  0%| F|  |TAMS 0x0000000084100000| PB 0x0000000084100000| Untracked |  0
|  32|0x0000000084200000, 0x0000000084200000, 0x0000000084300000|  0%| F|  |TAMS 0x0000000084200000| PB 0x0000000084200000| Untracked |  0
|  33|0x0000000084300000, 0x0000000084300000, 0x0000000084400000|  0%| F|  |TAMS 0x0000000084300000| PB 0x0000000084300000| Untracked |  0
|  34|0x0000000084400000, 0x0000000084400000, 0x0000000084500000|  0%| F|  |TAMS 0x0000000084400000| PB 0x0000000084400000| Untracked |  0
|  35|0x0000000084500000, 0x0000000084500000, 0x0000000084600000|  0%| F|  |TAMS 0x0000000084500000| PB 0x0000000084500000| Untracked |  0
|  36|0x0000000084600000, 0x0000000084600000, 0x0000000084700000|  0%| F|  |TAMS 0x0000000084600000| PB 0x0000000084600000| Untracked |  0
|  37|0x0000000084700000, 0x0000000084700000, 0x0000000084800000|  0%| F|  |TAMS 0x0000000084700000| PB 0x0000000084700000| Untracked |  0
|  38|0x0000000084800000, 0x0000000084800000, 0x0000000084900000|  0%| F|  |TAMS 0x0000000084800000| PB 0x0000000084800000| Untracked |  0
|  39|0x0000000084900000, 0x0000000084900000, 0x0000000084a00000|  0%| F|  |TAMS 0x0000000084900000| PB 0x0000000084900000| Untracked |  0
|  40|0x0000000084a00000, 0x0000000084a00000, 0x0000000084b00000|  0%| F|  |TAMS 0x0000000084a00000| PB 0x0000000084a00000| Untracked |  0
|  41|0x0000000084b00000, 0x0000000084b00000, 0x0000000084c00000|  0%| F|  |TAMS 0x0000000084b00000| PB 0x0000000084b00000| Untracked |  0
|  42|0x0000000084c00000, 0x0000000084c00000, 0x0000000084d00000|  0%| F|  |TAMS 0x0000000084c00000| PB 0x0000000084c00000| Untracked |  0
|  43|0x0000000084d00000, 0x0000000084d00000, 0x0000000084e00000|  0%| F|  |TAMS 0x0000000084d00000| PB 0x0000000084d00000| Untracked |  0
|  44|0x0000000084e00000, 0x0000000084e00000, 0x0000000084f00000|  0%| F|  |TAMS 0x0000000084e00000| PB 0x0000000084e00000| Untracked |  0
|  45|0x0000000084f00000, 0x0000000084f00000, 0x0000000085000000|  0%| F|  |TAMS 0x0000000084f00000| PB 0x0000000084f00000| Untracked |  0
|  46|0x0000000085000000, 0x0000000085000000, 0x0000000085100000|  0%| F|  |TAMS 0x0000000085000000| PB 0x0000000085000000| Untracked |  0
|  47|0x0000000085100000, 0x0000000085100000, 0x0000000085200000|  0%| F|  |TAMS 0x0000000085100000| PB 0x0000000085100000| Untracked |  0
|  48|0x0000000085200000, 0x0000000085200000, 0x0000000085300000|  0%| F|  |TAMS 0x0000000085200000| PB 0x0000000085200000| Untracked |  0
|  49|0x0000000085300000, 0x0000000085300000, 0x0000000085400000|  0%| F|  |TAMS 0x0000000085300000| PB 0x0000000085300000| Untracked |  0
|  50|0x0000000085400000, 0x0000000085400000, 0x0000000085500000|  0%| F|  |TAMS 0x0000000085400000| PB 0x0000000085400000| Untracked |  0
|  51|0x0000000085500000, 0x0000000085500000, 0x0000000085600000|  0%| F|  |TAMS 0x0000000085500000| PB 0x0000000085500000| Untracked |  0
|  52|0x0000000085600000, 0x0000000085600000, 0x0000000085700000|  0%| F|  |TAMS 0x0000000085600000| PB 0x0000000085600000| Untracked |  0
|  53|0x0000000085700000, 0x0000000085700000, 0x0000000085800000|  0%| F|  |TAMS 0x0000000085700000| PB 0x0000000085700000| Untracked |  0
|  54|0x0000000085800000, 0x0000000085800000, 0x0000000085900000|  0%| F|  |TAMS 0x0000000085800000| PB 0x0000000085800000| Untracked |  0
|  55|0x0000000085900000, 0x0000000085900000, 0x0000000085a00000|  0%| F|  |TAMS 0x0000000085900000| PB 0x0000000085900000| Untracked |  0
|  56|0x0000000085a00000, 0x0000000085a00000, 0x0000000085b00000|  0%| F|  |TAMS 0x0000000085a00000| PB 0x0000000085a00000| Untracked |  0
|  57|0x0000000085b00000, 0x0000000085b00000, 0x0000000085c00000|  0%| F|  |TAMS 0x0000000085b00000| PB 0x0000000085b00000| Untracked |  0
|  58|0x0000000085c00000, 0x0000000085c00000, 0x0000000085d00000|  0%| F|  |TAMS 0x0000000085c00000| PB 0x0000000085c00000| Untracked |  0
|  59|0x0000000085d00000, 0x0000000085d00000, 0x0000000085e00000|  0%| F|  |TAMS 0x0000000085d00000| PB 0x0000000085d00000| Untracked |  0
|  60|0x0000000085e00000, 0x0000000085e00000, 0x0000000085f00000|  0%| F|  |TAMS 0x0000000085e00000| PB 0x0000000085e00000| Untracked |  0
|  61|0x0000000085f00000, 0x0000000085f00000, 0x0000000086000000|  0%| F|  |TAMS 0x0000000085f00000| PB 0x0000000085f00000| Untracked |  0
|  62|0x0000000086000000, 0x0000000086000000, 0x0000000086100000|  0%| F|  |TAMS 0x0000000086000000| PB 0x0000000086000000| Untracked |  0
|  63|0x0000000086100000, 0x0000000086100000, 0x0000000086200000|  0%| F|  |TAMS 0x0000000086100000| PB 0x0000000086100000| Untracked |  0
|  64|0x0000000086200000, 0x0000000086200000, 0x0000000086300000|  0%| F|  |TAMS 0x0000000086200000| PB 0x0000000086200000| Untracked |  0
|  65|0x0000000086300000, 0x0000000086300000, 0x0000000086400000|  0%| F|  |TAMS 0x0000000086300000| PB 0x0000000086300000| Untracked |  0
|  66|0x0000000086400000, 0x0000000086400000, 0x0000000086500000|  0%| F|  |TAMS 0x0000000086400000| PB 0x0000000086400000| Untracked |  0
|  67|0x0000000086500000, 0x0000000086500000, 0x0000000086600000|  0%| F|  |TAMS 0x0000000086500000| PB 0x0000000086500000| Untracked |  0
|  68|0x0000000086600000, 0x0000000086600000, 0x0000000086700000|  0%| F|  |TAMS 0x0000000086600000| PB 0x0000000086600000| Untracked |  0
|  69|0x0000000086700000, 0x0000000086700000, 0x0000000086800000|  0%| F|  |TAMS 0x0000000086700000| PB 0x0000000086700000| Untracked |  0
|  70|0x0000000086800000, 0x0000000086800000, 0x0000000086900000|  0%| F|  |TAMS 0x0000000086800000| PB 0x0000000086800000| Untracked |  0
|  71|0x0000000086900000, 0x0000000086900000, 0x0000000086a00000|  0%| F|  |TAMS 0x0000000086900000| PB 0x0000000086900000| Untracked |  0
|  72|0x0000000086a00000, 0x0000000086a00000, 0x0000000086b00000|  0%| F|  |TAMS 0x0000000086a00000| PB 0x0000000086a00000| Untracked |  0
|  73|0x0000000086b00000, 0x0000000086b00000, 0x0000000086c00000|  0%| F|  |TAMS 0x0000000086b00000| PB 0x0000000086b00000| Untracked |  0
|  74|0x0000000086c00000, 0x0000000086c00000, 0x0000000086d00000|  0%| F|  |TAMS 0x0000000086c00000| PB 0x0000000086c00000| Untracked |  0
|  75|0x0000000086d00000, 0x0000000086d00000, 0x0000000086e00000|  0%| F|  |TAMS 0x0000000086d00000| PB 0x0000000086d00000| Untracked |  0
|  76|0x0000000086e00000, 0x0000000086e00000, 0x0000000086f00000|  0%| F|  |TAMS 0x0000000086e00000| PB 0x0000000086e00000| Untracked |  0
|  77|0x0000000086f00000, 0x0000000086f00000, 0x0000000087000000|  0%| F|  |TAMS 0x0000000086f00000| PB 0x0000000086f00000| Untracked |  0
|  78|0x0000000087000000, 0x0000000087000000, 0x0000000087100000|  0%| F|  |TAMS 0x0000000087000000| PB 0x0000000087000000| Untracked |  0
|  79|0x0000000087100000, 0x0000000087100000, 0x0000000087200000|  0%| F|  |TAMS 0x0000000087100000| PB 0x0000000087100000| Untracked |  0
|  80|0x0000000087200000, 0x0000000087200000, 0x0000000087300000|  0%| F|  |TAMS 0x0000000087200000| PB 0x0000000087200000| Untracked |  0
|  81|0x0000000087300000, 0x0000000087300000, 0x0000000087400000|  0%| F|  |TAMS 0x0000000087300000| PB 0x0000000087300000| Untracked |  0
|  82|0x0000000087400000, 0x0000000087400000, 0x0000000087500000|  0%| F|  |TAMS 0x0000000087400000| PB 0x0000000087400000| Untracked |  0
|  83|0x0000000087500000, 0x0000000087500000, 0x0000000087600000|  0%| F|  |TAMS 0x0000000087500000| PB 0x0000000087500000| Untracked |  0
|  84|0x0000000087600000, 0x0000000087600000, 0x0000000087700000|  0%| F|  |TAMS 0x0000000087600000| PB 0x0000000087600000| Untracked |  0
|  85|0x0000000087700000, 0x0000000087700000, 0x0000000087800000|  0%| F|  |TAMS 0x0000000087700000| PB 0x0000000087700000| Untracked |  0
|  86|0x0000000087800000, 0x0000000087800000, 0x0000000087900000|  0%| F|  |TAMS 0x0000000087800000| PB 0x0000000087800000| Untracked |  0
|  87|0x0000000087900000, 0x0000000087900000, 0x0000000087a00000|  0%| F|  |TAMS 0x0000000087900000| PB 0x0000000087900000| Untracked |  0
|  88|0x0000000087a00000, 0x0000000087a00000, 0x0000000087b00000|  0%| F|  |TAMS 0x0000000087a00000| PB 0x0000000087a00000| Untracked |  0
|  89|0x0000000087b00000, 0x0000000087b00000, 0x0000000087c00000|  0%| F|  |TAMS 0x0000000087b00000| PB 0x0000000087b00000| Untracked |  0
|  90|0x0000000087c00000, 0x0000000087c00000, 0x0000000087d00000|  0%| F|  |TAMS 0x0000000087c00000| PB 0x0000000087c00000| Untracked |  0
|  91|0x0000000087d00000, 0x0000000087d00000, 0x0000000087e00000|  0%| F|  |TAMS 0x0000000087d00000| PB 0x0000000087d00000| Untracked |  0
|  92|0x0000000087e00000, 0x0000000087e00000, 0x0000000087f00000|  0%| F|  |TAMS 0x0000000087e00000| PB 0x0000000087e00000| Untracked |  0
|  93|0x0000000087f00000, 0x0000000087f00000, 0x0000000088000000|  0%| F|  |TAMS 0x0000000087f00000| PB 0x0000000087f00000| Untracked |  0
|  94|0x0000000088000000, 0x0000000088000000, 0x0000000088100000|  0%| F|  |TAMS 0x0000000088000000| PB 0x0000000088000000| Untracked |  0
|  95|0x0000000088100000, 0x0000000088100000, 0x0000000088200000|  0%| F|  |TAMS 0x0000000088100000| PB 0x0000000088100000| Untracked |  0
|  96|0x0000000088200000, 0x0000000088200000, 0x0000000088300000|  0%| F|  |TAMS 0x0000000088200000| PB 0x0000000088200000| Untracked |  0
|  97|0x0000000088300000, 0x0000000088300000, 0x0000000088400000|  0%| F|  |TAMS 0x0000000088300000| PB 0x0000000088300000| Untracked |  0
|  98|0x0000000088400000, 0x0000000088400000, 0x0000000088500000|  0%| F|  |TAMS 0x0000000088400000| PB 0x0000000088400000| Untracked |  0
|  99|0x0000000088500000, 0x0000000088500000, 0x0000000088600000|  0%| F|  |TAMS 0x0000000088500000| PB 0x0000000088500000| Untracked |  0
| 100|0x0000000088600000, 0x0000000088600000, 0x0000000088700000|  0%| F|  |TAMS 0x0000000088600000| PB 0x0000000088600000| Untracked |  0
| 101|0x0000000088700000, 0x0000000088700000, 0x0000000088800000|  0%| F|  |TAMS 0x0000000088700000| PB 0x0000000088700000| Untracked |  0
| 102|0x0000000088800000, 0x0000000088800000, 0x0000000088900000|  0%| F|  |TAMS 0x0000000088800000| PB 0x0000000088800000| Untracked |  0
| 103|0x0000000088900000, 0x0000000088900000, 0x0000000088a00000|  0%| F|  |TAMS 0x0000000088900000| PB 0x0000000088900000| Untracked |  0
| 104|0x0000000088a00000, 0x0000000088a00000, 0x0000000088b00000|  0%| F|  |TAMS 0x0000000088a00000| PB 0x0000000088a00000| Untracked |  0
| 105|0x0000000088b00000, 0x0000000088b00000, 0x0000000088c00000|  0%| F|  |TAMS 0x0000000088b00000| PB 0x0000000088b00000| Untracked |  0
| 106|0x0000000088c00000, 0x0000000088c00000, 0x0000000088d00000|  0%| F|  |TAMS 0x0000000088c00000| PB 0x0000000088c00000| Untracked |  0
| 107|0x0000000088d00000, 0x0000000088d00000, 0x0000000088e00000|  0%| F|  |TAMS 0x0000000088d00000| PB 0x0000000088d00000| Untracked |  0
| 108|0x0000000088e00000, 0x0000000088e00000, 0x0000000088f00000|  0%| F|  |TAMS 0x0000000088e00000| PB 0x0000000088e00000| Untracked |  0
| 109|0x0000000088f00000, 0x0000000088f00000, 0x0000000089000000|  0%| F|  |TAMS 0x0000000088f00000| PB 0x0000000088f00000| Untracked |  0
| 110|0x0000000089000000, 0x0000000089000000, 0x0000000089100000|  0%| F|  |TAMS 0x0000000089000000| PB 0x0000000089000000| Untracked |  0
| 111|0x0000000089100000, 0x0000000089100000, 0x0000000089200000|  0%| F|  |TAMS 0x0000000089100000| PB 0x0000000089100000| Untracked |  0
| 112|0x0000000089200000, 0x0000000089200000, 0x0000000089300000|  0%| F|  |TAMS 0x0000000089200000| PB 0x0000000089200000| Untracked |  0
| 113|0x0000000089300000, 0x0000000089300000, 0x0000000089400000|  0%| F|  |TAMS 0x0000000089300000| PB 0x0000000089300000| Untracked |  0
| 114|0x0000000089400000, 0x0000000089400000, 0x0000000089500000|  0%| F|  |TAMS 0x0000000089400000| PB 0x0000000089400000| Untracked |  0
| 115|0x0000000089500000, 0x0000000089500000, 0x0000000089600000|  0%| F|  |TAMS 0x0000000089500000| PB 0x0000000089500000| Untracked |  0
| 116|0x0000000089600000, 0x0000000089600000, 0x0000000089700000|  0%| F|  |TAMS 0x0000000089600000| PB 0x0000000089600000| Untracked |  0
| 117|0x0000000089700000, 0x0000000089700000, 0x0000000089800000|  0%| F|  |TAMS 0x0000000089700000| PB 0x0000000089700000| Untracked |  0
| 118|0x0000000089800000, 0x0000000089800000, 0x0000000089900000|  0%| F|  |TAMS 0x0000000089800000| PB 0x0000000089800000| Untracked |  0
| 119|0x0000000089900000, 0x0000000089a00000, 0x0000000089a00000|100%| E|  |TAMS 0x0000000089900000| PB 0x0000000089900000| Complete |  0
| 120|0x0000000089a00000, 0x0000000089b00000, 0x0000000089b00000|100%| E|CS|TAMS 0x0000000089a00000| PB 0x0000000089a00000| Complete |  0
| 121|0x0000000089b00000, 0x0000000089c00000, 0x0000000089c00000|100%| E|CS|TAMS 0x0000000089b00000| PB 0x0000000089b00000| Complete |  0
| 122|0x0000000089c00000, 0x0000000089d00000, 0x0000000089d00000|100%| E|CS|TAMS 0x0000000089c00000| PB 0x0000000089c00000| Complete |  0
| 123|0x0000000089d00000, 0x0000000089e00000, 0x0000000089e00000|100%| E|CS|TAMS 0x0000000089d00000| PB 0x0000000089d00000| Complete |  0
| 124|0x0000000089e00000, 0x0000000089f00000, 0x0000000089f00000|100%| E|CS|TAMS 0x0000000089e00000| PB 0x0000000089e00000| Complete |  0
| 125|0x0000000089f00000, 0x000000008a000000, 0x000000008a000000|100%| E|CS|TAMS 0x0000000089f00000| PB 0x0000000089f00000| Complete |  0
|2012|0x00000000ffe00000, 0x00000000fff00000, 0x00000000fff00000|100%| O|  |TAMS 0x00000000ffe00000| PB 0x00000000ffe00000| Untracked |  0
|2013|0x00000000fff00000, 0x00000000fff1d1c0, 0x0000000100000000| 11%| O|  |TAMS 0x00000000fff00000| PB 0x00000000fff00000| Untracked |  0

Card table byte_map: [0x000001e9f2930000,0x000001e9f2d20000] _byte_map_base: 0x000001e9f251f000

Marking Bits: (CMBitMap*) 0x000001e9dacee990
 Bits: [0x000001e9f2d20000, 0x000001e9f4c98000)

Polling page: 0x000001e9da470000

Metaspace:

Usage:
  Non-class:      1.36 MB used.
      Class:    100.62 KB used.
       Both:      1.46 MB used.

Virtual space:
  Non-class space:       64.00 MB reserved,       1.44 MB (  2%) committed,  1 nodes.
      Class space:        1.00 GB reserved,     128.00 KB ( <1%) committed,  1 nodes.
             Both:        1.06 GB reserved,       1.56 MB ( <1%) committed. 

Chunk freelists:
   Non-Class:  11.69 MB
       Class:  15.70 MB
        Both:  27.39 MB

MaxMetaspaceSize: unlimited
CompressedClassSpaceSize: 1.00 GB
Initial GC threshold: 21.00 MB
Current GC threshold: 21.00 MB
CDS: on
 - commit_granule_bytes: 65536.
 - commit_granule_words: 8192.
 - virtual_space_node_default_size: 8388608.
 - enlarge_chunks_in_place: 1.
UseCompressedClassPointers 1, UseCompactObjectHeaders 0
Narrow klass pointer bits 32, Max shift 3
Narrow klass base: 0x000001e980000000, Narrow klass shift: 0
Encoding Range: [0x000001e980000000 - 0x000001ea80000000), (4294967296 bytes)
Klass Range:    [0x000001e980000000 - 0x000001e9c1000000), (1090519040 bytes)
Klass ID Range:  [8 - 1090519033) (1090519025)


Internal statistics:

num_allocs_failed_limit: 0.
num_arena_births: 42.
num_arena_deaths: 0.
num_vsnodes_births: 2.
num_vsnodes_deaths: 0.
num_space_committed: 26.
num_space_uncommitted: 0.
num_chunks_returned_to_freelist: 0.
num_chunks_taken_from_freelist: 66.
num_chunk_merges: 0.
num_chunk_splits: 42.
num_chunks_enlarged: 28.
num_inconsistent_stats: 0.

CodeHeap 'non-profiled nmethods': size=120064Kb used=157Kb max_used=157Kb free=119906Kb
 bounds [0x000001e9eb000000, 0x000001e9eb270000, 0x000001e9f2540000]
CodeHeap 'profiled nmethods': size=120000Kb used=613Kb max_used=613Kb free=119386Kb
 bounds [0x000001e9e3540000, 0x000001e9e37b0000, 0x000001e9eaa70000]
CodeHeap 'non-nmethods': size=5696Kb used=1259Kb max_used=1267Kb free=4436Kb
 bounds [0x000001e9eaa70000, 0x000001e9eace0000, 0x000001e9eb000000]
CodeCache: size=245760Kb, used=2029Kb, max_used=2037Kb, free=243728Kb
 total_blobs=948, nmethods=525, adapters=328, full_count=0
Compilation: enabled, stopped_count=0, restarted_count=0

Compilation events (20 events):
Event: 0.831 Thread 0x000001e9f7281230 nmethod 401 0x000001e9eb01fc88 code [0x000001e9eb01fd80, 0x000001e9eb01fe38]
Event: 0.832 Thread 0x000001e9f7283dc0  403       3       jdk.internal.ref.CleanerImpl::getCleanerImpl (13 bytes)
Event: 0.833 Thread 0x000001e9f7283dc0 nmethod 403 0x000001e9e35b2488 code [0x000001e9e35b25a0, 0x000001e9e35b2840]
Event: 0.833 Thread 0x000001e9f7283dc0  405       3       sun.nio.fs.WindowsPathParser::nextNonSlash (24 bytes)
Event: 0.833 Thread 0x000001e9f7283dc0 nmethod 405 0x000001e9e35b2888 code [0x000001e9e35b2a00, 0x000001e9e35b31e8]
Event: 0.833 Thread 0x000001e9f7283dc0  404       3       java.lang.ref.Cleaner$1::apply (9 bytes)
Event: 0.834 Thread 0x000001e9f7283dc0 nmethod 404 0x000001e9e35b3288 code [0x000001e9e35b33a0, 0x000001e9e35b35f0]
Event: 0.834 Thread 0x000001e9f7281230  406       4       java.util.zip.ZipCoder$UTF8ZipCoder::checkedHash (78 bytes)
Event: 0.836 Thread 0x000001e9f7281230 nmethod 406 0x000001e9eb01ff88 code [0x000001e9eb0200c0, 0x000001e9eb020550]
Event: 0.836 Thread 0x000001e9f7281230  407   !   4       java.util.zip.ZipFile$Source::checkAndAddEntry (347 bytes)
Event: 0.845 Thread 0x000001e9f7283dc0  409       1       sun.nio.fs.NativeBuffer::address (5 bytes)
Event: 0.846 Thread 0x000001e9f7283dc0 nmethod 409 0x000001e9eb020988 code [0x000001e9eb020a80, 0x000001e9eb020b48]
Event: 0.848 Thread 0x000001e9f7283dc0  410       1       java.lang.Integer::intValue (5 bytes)
Event: 0.848 Thread 0x000001e9f7283dc0 nmethod 410 0x000001e9eb020c88 code [0x000001e9eb020d80, 0x000001e9eb020e48]
Event: 0.849 Thread 0x000001e9f7283dc0  411       3       java.lang.String::<init> (74 bytes)
Event: 0.850 Thread 0x000001e9f7283dc0 nmethod 411 0x000001e9e35b3688 code [0x000001e9e35b3800, 0x000001e9e35b3db0]
Event: 0.852 Thread 0x000001e9f7283dc0  412       3       java.util.Objects::checkFromIndexSize (8 bytes)
Event: 0.852 Thread 0x000001e9f7283dc0 nmethod 412 0x000001e9e35b3e08 code [0x000001e9e35b3f40, 0x000001e9e35b4138]
Event: 0.853 Thread 0x000001e9f7283dc0  413       3       java.io.WinNTFileSystem::isLetter (30 bytes)
Event: 0.853 Thread 0x000001e9f7283dc0 nmethod 413 0x000001e9e35b4188 code [0x000001e9e35b42a0, 0x000001e9e35b4480]

GC Heap History (0 events):
No events

Dll operation events (8 events):
Event: 0.021 Loaded shared library C:\Program Files\Java\jdk-24\bin\java.dll
Event: 0.179 Loaded shared library C:\Program Files\Java\jdk-24\bin\jsvml.dll
Event: 0.312 Loaded shared library C:\Program Files\Java\jdk-24\bin\zip.dll
Event: 0.353 Loaded shared library C:\Program Files\Java\jdk-24\bin\instrument.dll
Event: 0.467 Loaded shared library C:\Program Files\Java\jdk-24\bin\net.dll
Event: 0.471 Loaded shared library C:\Program Files\Java\jdk-24\bin\nio.dll
Event: 0.485 Loaded shared library C:\Program Files\Java\jdk-24\bin\zip.dll
Event: 0.606 Loaded shared library C:\Program Files\Java\jdk-24\bin\extnet.dll

Deoptimization events (20 events):
Event: 0.731 Thread 0x000001e9dac96a90 DEOPT PACKING pc=0x000001e9e3566f18 sp=0x00000084869fe3d0
Event: 0.731 Thread 0x000001e9dac96a90 DEOPT UNPACKING pc=0x000001e9eaac5722 sp=0x00000084869fd858 mode 0
Event: 0.731 Thread 0x000001e9dac96a90 DEOPT PACKING pc=0x000001e9e3566f18 sp=0x00000084869fe3d0
Event: 0.731 Thread 0x000001e9dac96a90 DEOPT UNPACKING pc=0x000001e9eaac5722 sp=0x00000084869fd858 mode 0
Event: 0.731 Thread 0x000001e9dac96a90 DEOPT PACKING pc=0x000001e9e3566f18 sp=0x00000084869fe3d0
Event: 0.731 Thread 0x000001e9dac96a90 DEOPT UNPACKING pc=0x000001e9eaac5722 sp=0x00000084869fd858 mode 0
Event: 0.732 Thread 0x000001e9dac96a90 DEOPT PACKING pc=0x000001e9e3566f18 sp=0x00000084869fe3d0
Event: 0.732 Thread 0x000001e9dac96a90 DEOPT UNPACKING pc=0x000001e9eaac5722 sp=0x00000084869fd858 mode 0
Event: 0.732 Thread 0x000001e9dac96a90 DEOPT PACKING pc=0x000001e9e3566f18 sp=0x00000084869fe3d0
Event: 0.732 Thread 0x000001e9dac96a90 DEOPT UNPACKING pc=0x000001e9eaac5722 sp=0x00000084869fd858 mode 0
Event: 0.732 Thread 0x000001e9dac96a90 DEOPT PACKING pc=0x000001e9e3566f18 sp=0x00000084869fe3d0
Event: 0.732 Thread 0x000001e9dac96a90 DEOPT UNPACKING pc=0x000001e9eaac5722 sp=0x00000084869fd858 mode 0
Event: 0.733 Thread 0x000001e9dac96a90 DEOPT PACKING pc=0x000001e9e3566f18 sp=0x00000084869fe3d0
Event: 0.733 Thread 0x000001e9dac96a90 DEOPT UNPACKING pc=0x000001e9eaac5722 sp=0x00000084869fd858 mode 0
Event: 0.733 Thread 0x000001e9dac96a90 DEOPT PACKING pc=0x000001e9e3566f18 sp=0x00000084869fe3d0
Event: 0.733 Thread 0x000001e9dac96a90 DEOPT UNPACKING pc=0x000001e9eaac5722 sp=0x00000084869fd858 mode 0
Event: 0.734 Thread 0x000001e9dac96a90 DEOPT PACKING pc=0x000001e9e3566f18 sp=0x00000084869fe3d0
Event: 0.734 Thread 0x000001e9dac96a90 DEOPT UNPACKING pc=0x000001e9eaac5722 sp=0x00000084869fd858 mode 0
Event: 0.735 Thread 0x000001e9dac96a90 DEOPT PACKING pc=0x000001e9e3566f18 sp=0x00000084869fe3d0
Event: 0.735 Thread 0x000001e9dac96a90 DEOPT UNPACKING pc=0x000001e9eaac5722 sp=0x00000084869fd858 mode 0

Classes loaded (20 events):
Event: 0.624 Loading class sun/nio/ch/Util$1 done
Event: 0.624 Loading class sun/net/NetHooks done
Event: 0.624 Loading class sun/nio/ch/Util$BufferCache
Event: 0.624 Loading class sun/nio/ch/Util$BufferCache done
Event: 0.625 Loading class sun/nio/ch/IOStatus
Event: 0.625 Loading class sun/nio/ch/IOStatus done
Event: 0.631 Loading class java/net/Socket$SocketInputStream
Event: 0.632 Loading class java/net/Socket$SocketInputStream done
Event: 0.632 Loading class sun/nio/ch/NioSocketImpl$1
Event: 0.632 Loading class sun/nio/ch/NioSocketImpl$1 done
Event: 0.632 Loading class sun/nio/cs/US_ASCII$Decoder
Event: 0.633 Loading class sun/nio/cs/US_ASCII$Decoder done
Event: 0.637 Loading class jdk/internal/event/SocketReadEvent
Event: 0.638 Loading class java/io/FilenameFilter
Event: 0.640 Loading class java/io/FilenameFilter done
Event: 0.653 Loading class jdk/internal/event/Event
Event: 0.654 Loading class jdk/internal/event/Event done
Event: 0.654 Loading class jdk/internal/event/SocketReadEvent done
Event: 0.703 Loading class jdk/internal/loader/URLClassPath$FileLoader
Event: 0.704 Loading class jdk/internal/loader/URLClassPath$FileLoader done

Classes unloaded (0 events):
No events

Classes redefined (0 events):
No events

Internal exceptions (5 events):
Event: 0.515 Thread 0x000001e9dac96a90 Exception <a 'java/lang/NoSuchMethodError'{0x0000000089dc33e0}: 'void java.lang.invoke.DirectMethodHandle$Holder.invokeStatic(java.lang.Object, java.lang.Object, java.lang.Object)'> (0x0000000089dc33e0) 
thrown [s\open\src\hotspot\share\interpreter\linkResolver.cpp, line 805]
Event: 0.533 Thread 0x000001e9dac96a90 Exception <a 'java/lang/NoSuchMethodError'{0x0000000089df7fa0}: 'java.lang.Object java.lang.invoke.Invokers$Holder.invokeExact_MT(java.lang.Object, java.lang.Object, java.lang.Object, java.lang.Object, java.lang.Object)'> (0x0000000089df7fa0) 
thrown [s\open\src\hotspot\share\interpreter\linkResolver.cpp, line 805]
Event: 0.589 Thread 0x000001e9c5161c50 Exception <a 'java/lang/NoSuchMethodError'{0x0000000089c85220}: 'java.lang.Object java.lang.invoke.DirectMethodHandle$Holder.invokeStaticInit(java.lang.Object)'> (0x0000000089c85220) 
thrown [s\open\src\hotspot\share\interpreter\linkResolver.cpp, line 805]
Event: 0.612 Thread 0x000001e9c5161c50 Exception <a 'java/lang/NoSuchMethodError'{0x0000000089c8fe28}: 'void java.lang.invoke.DirectMethodHandle$Holder.invokeStatic(java.lang.Object, java.lang.Object)'> (0x0000000089c8fe28) 
thrown [s\open\src\hotspot\share\interpreter\linkResolver.cpp, line 805]
Event: 0.701 Thread 0x000001e9dac96a90 Exception <a 'java/lang/NoSuchMethodError'{0x0000000089c7d168}: 'int java.lang.invoke.DirectMethodHandle$Holder.invokeSpecial(java.lang.Object, java.lang.Object, java.lang.Object)'> (0x0000000089c7d168) 
thrown [s\open\src\hotspot\share\interpreter\linkResolver.cpp, line 805]

VM Operations (2 events):
Event: 0.253 Executing VM operation: HandshakeAllThreads (Deoptimize)
Event: 0.253 Executing VM operation: HandshakeAllThreads (Deoptimize) done

Memory protections (0 events):
No events

Nmethod flushes (0 events):
No events

Events (12 events):
Event: 0.100 Thread 0x000001e9dac96a90 Thread added: 0x000001e9dac96a90
Event: 0.165 Thread 0x000001e9dac96a90 Thread added: 0x000001e9f72693a0
Event: 0.165 Thread 0x000001e9dac96a90 Thread added: 0x000001e9f726bff0
Event: 0.166 Thread 0x000001e9dac96a90 Thread added: 0x000001e9f726eb30
Event: 0.166 Thread 0x000001e9dac96a90 Thread added: 0x000001e9f7270670
Event: 0.166 Thread 0x000001e9dac96a90 Thread added: 0x000001e9f7271940
Event: 0.166 Thread 0x000001e9dac96a90 Thread added: 0x000001e9f7272470
Event: 0.166 Thread 0x000001e9dac96a90 Thread added: 0x000001e9f7281230
Event: 0.167 Thread 0x000001e9dac96a90 Thread added: 0x000001e9f7283dc0
Event: 0.461 Thread 0x000001e9dac96a90 Thread added: 0x000001e9c5120bd0
Event: 0.547 Thread 0x000001e9dac96a90 Thread added: 0x000001e9c5161c50
Event: 0.548 Thread 0x000001e9dac96a90 Thread added: 0x000001e9c5162390


Dynamic libraries:
0x00007ff7bbc00000 - 0x00007ff7bbc10000 	C:\Program Files\Java\jdk-24\bin\java.exe
0x00007ff997650000 - 0x00007ff997848000 	C:\Windows\SYSTEM32\ntdll.dll
0x00007ff995800000 - 0x00007ff9958c2000 	C:\Windows\System32\KERNEL32.DLL
0x00007ff995040000 - 0x00007ff995336000 	C:\Windows\System32\KERNELBASE.dll
0x00007ff994d90000 - 0x00007ff994e90000 	C:\Windows\System32\ucrtbase.dll
0x00007ff9729c0000 - 0x00007ff9729d6000 	C:\Program Files\Java\jdk-24\bin\jli.dll
0x00007ff970990000 - 0x00007ff9709ab000 	C:\Program Files\Java\jdk-24\bin\VCRUNTIME140.dll
0x00007ff995b20000 - 0x00007ff995cbd000 	C:\Windows\System32\USER32.dll
0x00007ff981270000 - 0x00007ff98150a000 	C:\Windows\WinSxS\amd64_microsoft.windows.common-controls_6595b64144ccf1df_6.0.19041.5915_none_60b4b9d171f9c7c7\COMCTL32.dll
0x00007ff995540000 - 0x00007ff995562000 	C:\Windows\System32\win32u.dll
0x00007ff997210000 - 0x00007ff9972ae000 	C:\Windows\System32\msvcrt.dll
0x00007ff996db0000 - 0x00007ff996ddb000 	C:\Windows\System32\GDI32.dll
0x00007ff994f20000 - 0x00007ff995039000 	C:\Windows\System32\gdi32full.dll
0x00007ff995340000 - 0x00007ff9953dd000 	C:\Windows\System32\msvcp_win.dll
0x00007ff997110000 - 0x00007ff99713f000 	C:\Windows\System32\IMM32.DLL
0x00007ff971d40000 - 0x00007ff971d4c000 	C:\Program Files\Java\jdk-24\bin\vcruntime140_1.dll
0x00007ff96cc20000 - 0x00007ff96ccae000 	C:\Program Files\Java\jdk-24\bin\msvcp140.dll
0x00007ff913bf0000 - 0x00007ff914992000 	C:\Program Files\Java\jdk-24\bin\server\jvm.dll
0x00007ff995670000 - 0x00007ff995721000 	C:\Windows\System32\ADVAPI32.dll
0x00007ff9958f0000 - 0x00007ff99598f000 	C:\Windows\System32\sechost.dll
0x00007ff996f80000 - 0x00007ff9970a3000 	C:\Windows\System32\RPCRT4.dll
0x00007ff994ce0000 - 0x00007ff994d07000 	C:\Windows\System32\bcrypt.dll
0x00007ff996ce0000 - 0x00007ff996d4b000 	C:\Windows\System32\WS2_32.dll
0x00007ff994270000 - 0x00007ff9942bb000 	C:\Windows\SYSTEM32\POWRPROF.dll
0x00007ff97f350000 - 0x00007ff97f377000 	C:\Windows\SYSTEM32\WINMM.dll
0x00007ff98c610000 - 0x00007ff98c61a000 	C:\Windows\SYSTEM32\VERSION.dll
0x00007ff9940e0000 - 0x00007ff9940f2000 	C:\Windows\SYSTEM32\UMPDC.dll
0x00007ff993500000 - 0x00007ff993512000 	C:\Windows\SYSTEM32\kernel.appcore.dll
0x00007ff970d00000 - 0x00007ff970d0a000 	C:\Program Files\Java\jdk-24\bin\jimage.dll
0x00007ff992a20000 - 0x00007ff992c21000 	C:\Windows\SYSTEM32\DBGHELP.DLL
0x00007ff971be0000 - 0x00007ff971c14000 	C:\Windows\SYSTEM32\dbgcore.DLL
0x00007ff994e90000 - 0x00007ff994f12000 	C:\Windows\System32\bcryptPrimitives.dll
0x00007ff970670000 - 0x00007ff97067f000 	C:\Program Files\Java\jdk-24\bin\instrument.dll
0x00007ff96cc00000 - 0x00007ff96cc1e000 	C:\Program Files\Java\jdk-24\bin\java.dll
0x00007ff996130000 - 0x00007ff99625b000 	C:\Windows\System32\ole32.dll
0x00007ff9972b0000 - 0x00007ff997603000 	C:\Windows\System32\combase.dll
0x00007ff996570000 - 0x00007ff996cde000 	C:\Windows\System32\SHELL32.dll
0x00007ff992d40000 - 0x00007ff9934e4000 	C:\Windows\SYSTEM32\windows.storage.dll
0x00007ff994710000 - 0x00007ff99473b000 	C:\Windows\SYSTEM32\Wldp.dll
0x00007ff996260000 - 0x00007ff99632d000 	C:\Windows\System32\OLEAUT32.dll
0x00007ff997150000 - 0x00007ff9971fd000 	C:\Windows\System32\SHCORE.dll
0x00007ff996d50000 - 0x00007ff996dab000 	C:\Windows\System32\shlwapi.dll
0x00007ff994c10000 - 0x00007ff994c34000 	C:\Windows\SYSTEM32\profapi.dll
0x00007ff95d530000 - 0x00007ff95d607000 	C:\Program Files\Java\jdk-24\bin\jsvml.dll
0x00007ff96cbe0000 - 0x00007ff96cbf7000 	C:\Program Files\Java\jdk-24\bin\zip.dll
0x00007ff96f350000 - 0x00007ff96f360000 	C:\Program Files\Java\jdk-24\bin\net.dll
0x00007ff994470000 - 0x00007ff9944da000 	C:\Windows\system32\mswsock.dll
0x00007ff96cbc0000 - 0x00007ff96cbd6000 	C:\Program Files\Java\jdk-24\bin\nio.dll
0x00007ff96e850000 - 0x00007ff96e859000 	C:\Program Files\Java\jdk-24\bin\extnet.dll

JVMTI agents:
C:\Program Files\JetBrains\IntelliJ IDEA Community Edition 2025.1.2\lib\idea_rt.jar path:C:\Program Files\Java\jdk-24\bin\instrument.dll, loaded, initialized, instrumentlib options:50695

dbghelp: loaded successfully - version: 4.0.5 - missing functions: none
symbol engine: initialized successfully - sym options: 0x614 - pdb path: .;C:\Program Files\Java\jdk-24\bin;C:\Windows\SYSTEM32;C:\Windows\WinSxS\amd64_microsoft.windows.common-controls_6595b64144ccf1df_6.0.19041.5915_none_60b4b9d171f9c7c7;C:\Program Files\Java\jdk-24\bin\server

VM Arguments:
jvm_args: -Dmaven.multiModuleProjectDirectory=C:\Users\Prashant\Downloads\SeleniumCucumberWebDriverManager -Djansi.passthrough=true -Dmaven.home=C:/Program Files/JetBrains/IntelliJ IDEA Community Edition 2025.1.2/plugins/maven/lib/maven3 -Dclassworlds.conf=C:\Program Files\JetBrains\IntelliJ IDEA Community Edition 2025.1.2\plugins\maven\lib\maven3\bin\m2.conf -Dmaven.ext.class.path=C:\Program Files\JetBrains\IntelliJ IDEA Community Edition 2025.1.2\plugins\maven\lib\maven-event-listener.jar -javaagent:C:\Program Files\JetBrains\IntelliJ IDEA Community Edition 2025.1.2\lib\idea_rt.jar=50695 -Dfile.encoding=UTF-8 -Dsun.stdout.encoding=UTF-8 -Dsun.stderr.encoding=UTF-8 
java_command: org.codehaus.classworlds.Launcher -Didea.version=2025.1.2 clean
java_class_path (initial): C:\Program Files\JetBrains\IntelliJ IDEA Community Edition 2025.1.2\plugins\maven\lib\maven3\boot\plexus-classworlds-2.8.0.jar;C:\Program Files\JetBrains\IntelliJ IDEA Community Edition 2025.1.2\plugins\maven\lib\maven3\boot\plexus-classworlds.license
Launcher Type: SUN_STANDARD

[Global flags]
     intx CICompilerCount                          = 3                                         {product} {ergonomic}
     uint ConcGCThreads                            = 1                                         {product} {ergonomic}
     uint G1ConcRefinementThreads                  = 4                                         {product} {ergonomic}
   size_t G1HeapRegionSize                         = 1048576                                   {product} {ergonomic}
   size_t InitialHeapSize                          = 132120576                                 {product} {ergonomic}
   size_t MarkStackSize                            = 4194304                                   {product} {ergonomic}
   size_t MarkStackSizeMax                         = 536870912                                 {product} {ergonomic}
   size_t MaxHeapSize                              = 2111832064                                {product} {ergonomic}
   size_t MaxNewSize                               = 1266679808                                {product} {ergonomic}
   size_t MinHeapDeltaBytes                        = 1048576                                   {product} {ergonomic}
   size_t MinHeapSize                              = 8388608                                   {product} {ergonomic}
    uintx NonNMethodCodeHeapSize                   = 5832704                                {pd product} {ergonomic}
    uintx NonProfiledCodeHeapSize                  = 122945536                              {pd product} {ergonomic}
    uintx ProfiledCodeHeapSize                     = 122880000                              {pd product} {ergonomic}
    uintx ReservedCodeCacheSize                    = 251658240                              {pd product} {ergonomic}
     bool SegmentedCodeCache                       = true                                      {product} {ergonomic}
   size_t SoftMaxHeapSize                          = 2111832064                             {manageable} {ergonomic}
     bool UseCompressedOops                        = true                           {product lp64_product} {ergonomic}
     bool UseG1GC                                  = true                                      {product} {ergonomic}
     bool UseLargePagesIndividualAllocation        = false                                  {pd product} {ergonomic}

Logging:
Log output configuration:
 #0: stdout all=warning uptime,level,tags foldmultilines=false
 #1: stderr all=off uptime,level,tags foldmultilines=false

Environment Variables:
JAVA_HOME=C:\Users\Prashant
PATH=C:\Program Files\Java\jdk-17\bin;C:\Program Files\Common Files\Oracle\Java\javapath;C:\Windows\system32;C:\Windows;C:\Windows\System32\Wbem;C:\Windows\System32\WindowsPowerShell\v1.0\;C:\Windows\System32\OpenSSH\;C:\Program Files\Git\cmd;C:\Program Files\Java\jdk-17\bin;C:\Program Files\Common Files\Oracle\Java\javapath;C:\Windows\system32;C:\Windows;C:\Windows\System32\Wbem;C:\Windows\System32\WindowsPowerShell\v1.0\;C:\Windows\System32\OpenSSH\;C:\Program Files\Git\cmd;C:\Program Files\Java\jdk-17\bin;C:\Users\Prashant\AppData\Local\Microsoft\WindowsApps;;C:\Program Files\JetBrains\IntelliJ IDEA Community Edition 2025.1.2\bin;
USERNAME=Prashant
OS=Windows_NT
PROCESSOR_IDENTIFIER=Intel64 Family 6 Model 78 Stepping 3, GenuineIntel
TMP=C:\Users\Prashant\AppData\Local\Temp
TEMP=C:\Users\Prashant\AppData\Local\Temp




Periodic native trim disabled

---------------  S Y S T E M  ---------------

OS:
 Windows 10 , 64 bit Build 19041 (10.0.19041.5915)
OS uptime: 0 days 22:50 hours

CPU: total 4 (initial active 4) (2 cores per cpu, 2 threads per core) family 6 model 78 stepping 3 microcode 0xec, cx8, cmov, fxsr, ht, mmx, 3dnowpref, sse, sse2, sse3, ssse3, sse4.1, sse4.2, popcnt, lzcnt, tsc, tscinvbit, avx, avx2, aes, erms, clmul, bmi1, bmi2, rtm, adx, fma, vzeroupper, clflush, clflushopt, rdtscp, f16c
Processor Information for the first 4 processors :
  Max Mhz: 2501, Current Mhz: 2501, Mhz Limit: 2501

Memory: 4k page, system-wide physical 8053M (383M free)
TotalPageFile size 20847M (AvailPageFile size 0M)
current process WorkingSet (physical memory assigned to process): 53M, peak: 53M
current process commit charge ("private bytes"): 211M, peak: 211M

vm_info: Java HotSpot(TM) 64-Bit Server VM (24.0.1+9-30) for windows-amd64 JRE (24.0.1+9-30), built on 2025-03-05T07:23:45Z with MS VC++ 17.6 (VS2022)

END.
